<?xml version="1.0" encoding="UTF-8"?>
<!-- Generated by org.testng.reporters.JUnitReportReporter -->
<testsuite hostname="DESKTOP-A7EP9U0" failures="0" tests="2" name="Test_scenerios.GoogleSearch_testcase" time="11.898" errors="0" timestamp="2023-06-08T11:57:49 IST" skipped="0">
  <testcase classname="Test_scenerios.GoogleSearch_testcase" name="verifyLoginFunctionality" time="6.292"/>
  <system-out/>
  <testcase classname="Test_scenerios.GoogleSearch_testcase" name="SearchAndClickOn_FB" time="5.606"/>
  <system-out/>
</testsuite> <!-- Test_scenerios.GoogleSearch_testcase -->
